执行日期：2015-04-02-18：24：19
【接收到的notify通知】:
<xml><appid><![CDATA[wxf65aec54da436c29]]></appid>
<bank_type><![CDATA[CCB_DEBIT]]></bank_type>
<cash_fee><![CDATA[1]]></cash_fee>
<fee_type><![CDATA[CNY]]></fee_type>
<is_subscribe><![CDATA[Y]]></is_subscribe>
<mch_id><![CDATA[1231689302]]></mch_id>
<nonce_str><![CDATA[39xi84ncdlij8v0yhbg4ujungsdg2763]]></nonce_str>
<openid><![CDATA[oRKWzt68QxqScWrMt2EnTKQijfXY]]></openid>
<out_trade_no><![CDATA[wxf65aec54da436c291427970131]]></out_trade_no>
<result_code><![CDATA[SUCCESS]]></result_code>
<return_code><![CDATA[SUCCESS]]></return_code>
<sign><![CDATA[76275F759BA39DD88477BE890700C00C]]></sign>
<time_end><![CDATA[20150402182418]]></time_end>
<total_fee>1</total_fee>
<trade_type><![CDATA[JSAPI]]></trade_type>
<transaction_id><![CDATA[1009041017201504020043260298]]></transaction_id>
</xml>


执行日期：2015-04-02-18：24：19
【支付成功】:
<xml><appid><![CDATA[wxf65aec54da436c29]]></appid>
<bank_type><![CDATA[CCB_DEBIT]]></bank_type>
<cash_fee><![CDATA[1]]></cash_fee>
<fee_type><![CDATA[CNY]]></fee_type>
<is_subscribe><![CDATA[Y]]></is_subscribe>
<mch_id><![CDATA[1231689302]]></mch_id>
<nonce_str><![CDATA[39xi84ncdlij8v0yhbg4ujungsdg2763]]></nonce_str>
<openid><![CDATA[oRKWzt68QxqScWrMt2EnTKQijfXY]]></openid>
<out_trade_no><![CDATA[wxf65aec54da436c291427970131]]></out_trade_no>
<result_code><![CDATA[SUCCESS]]></result_code>
<return_code><![CDATA[SUCCESS]]></return_code>
<sign><![CDATA[76275F759BA39DD88477BE890700C00C]]></sign>
<time_end><![CDATA[20150402182418]]></time_end>
<total_fee>1</total_fee>
<trade_type><![CDATA[JSAPI]]></trade_type>
<transaction_id><![CDATA[1009041017201504020043260298]]></transaction_id>
</xml>


执行日期：2015-06-30-22：24：30
【接收到的notify通知】:
<xml><appid><![CDATA[wxbe553a84b2d8aa92]]></appid><bank_type><![CDATA[CMC]]></bank_type><cash_fee><![CDATA[9000]]></cash_fee><is_subscribe><![CDATA[N]]></is_subscribe><mch_id><![CDATA[1231689302]]></mch_id><noncestr><![CDATA[20150531233956996351]]></noncestr><openid><![CDATA[wxd930ea5d5a258f4f]]></openid><out_trade_no><![CDATA[20150609162810744995]]></out_trade_no><result_code><![CDATA[SUCCESS]]></result_code><return_code><![CDATA[SUCCESS]]></return_code><time_end><![CDATA[20150630222430]]></time_end><total_fee><![CDATA[9000]]></total_fee><trade_type><![CDATA[APP]]></trade_type><transaction_id><![CDATA[1008170284201506010192125971]]></transaction_id></xml>


